Mon Oct 22 2018 23:33:55 GMT+0530 (India Standard Time): POST /users
 [object Object]
Mon Oct 22 2018 23:35:06 GMT+0530 (India Standard Time): POST /users
 [object Object]
Mon Oct 22 2018 23:35:09 GMT+0530 (India Standard Time): POST /users
 [object Object]
Mon Oct 22 2018 23:39:13 GMT+0530 (India Standard Time): POST /todos
Thu Oct 25 2018 00:27:08 GMT+0530 (India Standard Time): POST /todos
Thu Oct 25 2018 00:27:09 GMT+0530 (India Standard Time): POST /todos
Thu Oct 25 2018 00:27:51 GMT+0530 (India Standard Time): POST /todos
Thu Oct 25 2018 00:27:51 GMT+0530 (India Standard Time): POST /todos
Thu Oct 25 2018 00:35:23 GMT+0530 (India Standard Time): POST /todos
Thu Oct 25 2018 00:35:23 GMT+0530 (India Standard Time): POST /todos
Thu Oct 25 2018 01:01:40 GMT+0530 (India Standard Time): POST /todos
Thu Oct 25 2018 01:01:40 GMT+0530 (India Standard Time): POST /todos
Thu Oct 25 2018 01:01:58 GMT+0530 (India Standard Time): GET /todos
Thu Oct 25 2018 01:03:25 GMT+0530 (India Standard Time): POST /todos
Thu Oct 25 2018 01:03:35 GMT+0530 (India Standard Time): GET /todos
Thu Oct 25 2018 01:04:13 GMT+0530 (India Standard Time): POST /todos
Thu Oct 25 2018 01:04:18 GMT+0530 (India Standard Time): GET /todos
Thu Oct 25 2018 01:13:57 GMT+0530 (India Standard Time): POST /todos
Thu Oct 25 2018 01:13:57 GMT+0530 (India Standard Time): POST /todos
Thu Oct 25 2018 01:14:11 GMT+0530 (India Standard Time): POST /todos
Thu Oct 25 2018 01:14:11 GMT+0530 (India Standard Time): POST /todos
Thu Oct 25 2018 01:14:57 GMT+0530 (India Standard Time): POST /todos
Thu Oct 25 2018 01:14:57 GMT+0530 (India Standard Time): POST /todos
Thu Oct 25 2018 01:15:12 GMT+0530 (India Standard Time): POST /todos
Thu Oct 25 2018 01:15:12 GMT+0530 (India Standard Time): POST /todos
Thu Oct 25 2018 01:15:34 GMT+0530 (India Standard Time): POST /todos
Thu Oct 25 2018 01:15:34 GMT+0530 (India Standard Time): POST /todos
Thu Oct 25 2018 01:16:13 GMT+0530 (India Standard Time): POST /todos
Thu Oct 25 2018 01:16:13 GMT+0530 (India Standard Time): POST /todos
Thu Oct 25 2018 01:16:23 GMT+0530 (India Standard Time): POST /todos
Thu Oct 25 2018 01:16:23 GMT+0530 (India Standard Time): POST /todos
Thu Oct 25 2018 01:16:35 GMT+0530 (India Standard Time): POST /todos
Thu Oct 25 2018 01:16:40 GMT+0530 (India Standard Time): POST /todos
Thu Oct 25 2018 01:16:40 GMT+0530 (India Standard Time): POST /todos
Thu Oct 25 2018 01:18:19 GMT+0530 (India Standard Time): POST /todos
Thu Oct 25 2018 01:18:19 GMT+0530 (India Standard Time): POST /todos
Thu Oct 25 2018 01:19:12 GMT+0530 (India Standard Time): POST /todos
Thu Oct 25 2018 01:19:12 GMT+0530 (India Standard Time): POST /todos
Thu Oct 25 2018 01:19:57 GMT+0530 (India Standard Time): POST /todos
Thu Oct 25 2018 01:19:57 GMT+0530 (India Standard Time): POST /todos
Thu Oct 25 2018 01:20:03 GMT+0530 (India Standard Time): POST /todos
Thu Oct 25 2018 01:20:03 GMT+0530 (India Standard Time): POST /todos
Thu Oct 25 2018 01:20:35 GMT+0530 (India Standard Time): POST /todos
Thu Oct 25 2018 01:20:35 GMT+0530 (India Standard Time): POST /todos
Thu Oct 25 2018 01:21:34 GMT+0530 (India Standard Time): POST /todos
Thu Oct 25 2018 01:21:34 GMT+0530 (India Standard Time): POST /todos
Thu Oct 25 2018 01:22:54 GMT+0530 (India Standard Time): POST /todos
Thu Oct 25 2018 01:22:54 GMT+0530 (India Standard Time): POST /todos
Thu Oct 25 2018 01:23:21 GMT+0530 (India Standard Time): POST /todos
Thu Oct 25 2018 01:23:21 GMT+0530 (India Standard Time): POST /todos
Thu Oct 25 2018 01:24:01 GMT+0530 (India Standard Time): POST /todos
Thu Oct 25 2018 01:24:01 GMT+0530 (India Standard Time): POST /todos
Thu Oct 25 2018 01:24:01 GMT+0530 (India Standard Time): GET /todos
Thu Oct 25 2018 01:24:35 GMT+0530 (India Standard Time): POST /todos
Thu Oct 25 2018 01:24:35 GMT+0530 (India Standard Time): POST /todos
Thu Oct 25 2018 01:24:35 GMT+0530 (India Standard Time): GET /todos
Thu Oct 25 2018 01:25:07 GMT+0530 (India Standard Time): POST /todos
Thu Oct 25 2018 01:25:07 GMT+0530 (India Standard Time): POST /todos
Thu Oct 25 2018 01:25:07 GMT+0530 (India Standard Time): GET /todos
Thu Oct 25 2018 01:25:26 GMT+0530 (India Standard Time): POST /todos
Thu Oct 25 2018 01:25:26 GMT+0530 (India Standard Time): POST /todos
Thu Oct 25 2018 01:25:26 GMT+0530 (India Standard Time): GET /todos
Thu Oct 25 2018 01:25:34 GMT+0530 (India Standard Time): POST /todos
Thu Oct 25 2018 01:25:34 GMT+0530 (India Standard Time): POST /todos
Thu Oct 25 2018 01:25:34 GMT+0530 (India Standard Time): GET /todos
Thu Oct 25 2018 01:26:26 GMT+0530 (India Standard Time): POST /todos
Thu Oct 25 2018 01:26:26 GMT+0530 (India Standard Time): POST /todos
Thu Oct 25 2018 01:26:26 GMT+0530 (India Standard Time): GET /todos
Thu Oct 25 2018 01:27:45 GMT+0530 (India Standard Time): POST /todos
Thu Oct 25 2018 01:27:45 GMT+0530 (India Standard Time): POST /todos
Thu Oct 25 2018 01:27:45 GMT+0530 (India Standard Time): GET /todos
Thu Oct 25 2018 01:29:41 GMT+0530 (India Standard Time): POST /todos
Thu Oct 25 2018 01:29:41 GMT+0530 (India Standard Time): POST /todos
Thu Oct 25 2018 01:29:41 GMT+0530 (India Standard Time): GET /todos
Thu Oct 25 2018 01:29:47 GMT+0530 (India Standard Time): POST /todos
Thu Oct 25 2018 01:29:47 GMT+0530 (India Standard Time): POST /todos
Thu Oct 25 2018 01:29:47 GMT+0530 (India Standard Time): GET /todos
Thu Oct 25 2018 01:29:52 GMT+0530 (India Standard Time): POST /todos
Thu Oct 25 2018 01:29:52 GMT+0530 (India Standard Time): POST /todos
Thu Oct 25 2018 01:29:52 GMT+0530 (India Standard Time): GET /todos
Thu Oct 25 2018 01:32:36 GMT+0530 (India Standard Time): POST /todos
Thu Oct 25 2018 01:32:36 GMT+0530 (India Standard Time): POST /todos
Thu Oct 25 2018 01:32:36 GMT+0530 (India Standard Time): GET /todos
Thu Oct 25 2018 01:32:42 GMT+0530 (India Standard Time): POST /todos
Thu Oct 25 2018 01:32:43 GMT+0530 (India Standard Time): POST /todos
Thu Oct 25 2018 01:32:43 GMT+0530 (India Standard Time): GET /todos
Thu Oct 25 2018 01:32:48 GMT+0530 (India Standard Time): POST /todos
Thu Oct 25 2018 01:32:48 GMT+0530 (India Standard Time): POST /todos
Thu Oct 25 2018 01:32:48 GMT+0530 (India Standard Time): GET /todos
Thu Oct 25 2018 01:32:54 GMT+0530 (India Standard Time): POST /todos
Thu Oct 25 2018 01:32:54 GMT+0530 (India Standard Time): POST /todos
Thu Oct 25 2018 01:32:54 GMT+0530 (India Standard Time): GET /todos
Thu Oct 25 2018 01:33:54 GMT+0530 (India Standard Time): GET /users
Thu Oct 25 2018 01:34:06 GMT+0530 (India Standard Time): GET /todos
Thu Oct 25 2018 01:34:12 GMT+0530 (India Standard Time): GET /users
Thu Oct 25 2018 01:34:44 GMT+0530 (India Standard Time): POST /todos
Thu Oct 25 2018 01:34:44 GMT+0530 (India Standard Time): POST /todos
Thu Oct 25 2018 01:34:44 GMT+0530 (India Standard Time): GET /todos
Thu Oct 25 2018 01:34:46 GMT+0530 (India Standard Time): GET /users
Thu Oct 25 2018 01:35:19 GMT+0530 (India Standard Time): POST /todos
Thu Oct 25 2018 01:35:20 GMT+0530 (India Standard Time): GET /users
Thu Oct 25 2018 01:35:20 GMT+0530 (India Standard Time): POST /todos
Thu Oct 25 2018 01:35:20 GMT+0530 (India Standard Time): GET /todos
Thu Oct 25 2018 01:36:18 GMT+0530 (India Standard Time): POST /todos
Thu Oct 25 2018 01:36:19 GMT+0530 (India Standard Time): POST /todos
Thu Oct 25 2018 01:36:19 GMT+0530 (India Standard Time): GET /todos
Fri Oct 26 2018 07:24:13 GMT+0530 (India Standard Time): POST /todos
Fri Oct 26 2018 07:24:13 GMT+0530 (India Standard Time): POST /todos
Fri Oct 26 2018 07:24:13 GMT+0530 (India Standard Time): GET /todos
Fri Oct 26 2018 07:24:54 GMT+0530 (India Standard Time): POST /todos
Fri Oct 26 2018 07:24:54 GMT+0530 (India Standard Time): POST /todos
Fri Oct 26 2018 07:24:54 GMT+0530 (India Standard Time): GET /todos
Fri Oct 26 2018 07:25:04 GMT+0530 (India Standard Time): POST /todos
Fri Oct 26 2018 07:25:04 GMT+0530 (India Standard Time): POST /todos
Fri Oct 26 2018 07:25:04 GMT+0530 (India Standard Time): GET /todos
Fri Oct 26 2018 07:25:57 GMT+0530 (India Standard Time): POST /todos
Fri Oct 26 2018 07:25:57 GMT+0530 (India Standard Time): POST /todos
Fri Oct 26 2018 07:25:57 GMT+0530 (India Standard Time): GET /todos
Fri Oct 26 2018 07:28:13 GMT+0530 (India Standard Time): POST /todos
Fri Oct 26 2018 07:28:13 GMT+0530 (India Standard Time): POST /todos
Fri Oct 26 2018 07:28:13 GMT+0530 (India Standard Time): GET /todos
Fri Oct 26 2018 07:28:55 GMT+0530 (India Standard Time): POST /todos
Fri Oct 26 2018 07:28:55 GMT+0530 (India Standard Time): POST /todos
Fri Oct 26 2018 07:28:55 GMT+0530 (India Standard Time): GET /todos
Fri Oct 26 2018 07:29:18 GMT+0530 (India Standard Time): POST /todos
Fri Oct 26 2018 07:29:18 GMT+0530 (India Standard Time): POST /todos
Fri Oct 26 2018 07:29:18 GMT+0530 (India Standard Time): GET /todos
Fri Oct 26 2018 07:29:49 GMT+0530 (India Standard Time): POST /todos
Fri Oct 26 2018 07:29:49 GMT+0530 (India Standard Time): POST /todos
Fri Oct 26 2018 07:29:49 GMT+0530 (India Standard Time): GET /todos
Fri Oct 26 2018 07:29:55 GMT+0530 (India Standard Time): POST /todos
Fri Oct 26 2018 07:29:55 GMT+0530 (India Standard Time): POST /todos
Fri Oct 26 2018 07:29:55 GMT+0530 (India Standard Time): GET /todos
Fri Oct 26 2018 07:29:59 GMT+0530 (India Standard Time): POST /todos
Fri Oct 26 2018 07:30:00 GMT+0530 (India Standard Time): POST /todos
Fri Oct 26 2018 07:30:00 GMT+0530 (India Standard Time): GET /todos
Fri Oct 26 2018 07:30:24 GMT+0530 (India Standard Time): POST /todos
Fri Oct 26 2018 07:30:25 GMT+0530 (India Standard Time): POST /todos
Fri Oct 26 2018 07:30:25 GMT+0530 (India Standard Time): GET /todos
Fri Oct 26 2018 07:40:34 GMT+0530 (India Standard Time): POST /todos
Fri Oct 26 2018 07:40:34 GMT+0530 (India Standard Time): POST /todos
Fri Oct 26 2018 07:40:34 GMT+0530 (India Standard Time): GET /todos
Fri Oct 26 2018 07:40:34 GMT+0530 (India Standard Time): POST /users
Fri Oct 26 2018 07:40:40 GMT+0530 (India Standard Time): POST /todos
Fri Oct 26 2018 07:40:40 GMT+0530 (India Standard Time): POST /todos
Fri Oct 26 2018 07:40:40 GMT+0530 (India Standard Time): GET /todos
Fri Oct 26 2018 07:40:40 GMT+0530 (India Standard Time): POST /users
Fri Oct 26 2018 07:41:30 GMT+0530 (India Standard Time): POST /todos
Fri Oct 26 2018 07:41:30 GMT+0530 (India Standard Time): POST /todos
Fri Oct 26 2018 07:41:30 GMT+0530 (India Standard Time): GET /todos
Fri Oct 26 2018 07:41:30 GMT+0530 (India Standard Time): POST /users
Fri Oct 26 2018 07:43:33 GMT+0530 (India Standard Time): POST /todos
Fri Oct 26 2018 07:43:33 GMT+0530 (India Standard Time): POST /todos
Fri Oct 26 2018 07:43:33 GMT+0530 (India Standard Time): GET /todos
Fri Oct 26 2018 13:02:18 GMT+0530 (India Standard Time): POST /todos
Fri Oct 26 2018 13:02:18 GMT+0530 (India Standard Time): POST /todos
Fri Oct 26 2018 13:02:18 GMT+0530 (India Standard Time): GET /todos
Fri Oct 26 2018 13:03:26 GMT+0530 (India Standard Time): POST /todos
Fri Oct 26 2018 13:03:26 GMT+0530 (India Standard Time): POST /todos
Fri Oct 26 2018 13:03:26 GMT+0530 (India Standard Time): GET /todos
Fri Oct 26 2018 13:03:49 GMT+0530 (India Standard Time): POST /todos
Fri Oct 26 2018 13:03:49 GMT+0530 (India Standard Time): POST /todos
Fri Oct 26 2018 13:03:49 GMT+0530 (India Standard Time): GET /todos
Fri Oct 26 2018 13:04:47 GMT+0530 (India Standard Time): POST /todos
Fri Oct 26 2018 13:04:47 GMT+0530 (India Standard Time): POST /todos
Fri Oct 26 2018 13:04:47 GMT+0530 (India Standard Time): GET /todos
Fri Oct 26 2018 13:04:54 GMT+0530 (India Standard Time): POST /todos
Fri Oct 26 2018 13:04:54 GMT+0530 (India Standard Time): POST /todos
Fri Oct 26 2018 13:04:54 GMT+0530 (India Standard Time): GET /todos
Fri Oct 26 2018 13:05:06 GMT+0530 (India Standard Time): POST /todos
Fri Oct 26 2018 13:05:06 GMT+0530 (India Standard Time): POST /todos
Fri Oct 26 2018 13:05:06 GMT+0530 (India Standard Time): GET /todos
Fri Oct 26 2018 13:05:07 GMT+0530 (India Standard Time): POST /todos
Fri Oct 26 2018 13:05:07 GMT+0530 (India Standard Time): POST /todos
Fri Oct 26 2018 13:05:07 GMT+0530 (India Standard Time): GET /todos
Fri Oct 26 2018 13:05:14 GMT+0530 (India Standard Time): POST /todos
Fri Oct 26 2018 13:05:14 GMT+0530 (India Standard Time): POST /todos
Fri Oct 26 2018 13:05:14 GMT+0530 (India Standard Time): GET /todos
Fri Oct 26 2018 13:05:35 GMT+0530 (India Standard Time): POST /todos
Fri Oct 26 2018 13:05:35 GMT+0530 (India Standard Time): POST /todos
Fri Oct 26 2018 13:05:35 GMT+0530 (India Standard Time): GET /todos
Fri Oct 26 2018 13:05:51 GMT+0530 (India Standard Time): POST /todos
Fri Oct 26 2018 13:05:51 GMT+0530 (India Standard Time): POST /todos
Fri Oct 26 2018 13:05:51 GMT+0530 (India Standard Time): GET /todos
Fri Oct 26 2018 13:05:55 GMT+0530 (India Standard Time): POST /todos
Fri Oct 26 2018 13:05:55 GMT+0530 (India Standard Time): POST /todos
Fri Oct 26 2018 13:05:55 GMT+0530 (India Standard Time): GET /todos
Fri Oct 26 2018 13:06:28 GMT+0530 (India Standard Time): POST /todos
Fri Oct 26 2018 13:06:28 GMT+0530 (India Standard Time): POST /todos
Fri Oct 26 2018 13:06:28 GMT+0530 (India Standard Time): GET /todos
Fri Oct 26 2018 13:06:41 GMT+0530 (India Standard Time): POST /todos
Fri Oct 26 2018 13:06:41 GMT+0530 (India Standard Time): POST /todos
Fri Oct 26 2018 13:06:41 GMT+0530 (India Standard Time): GET /todos
Fri Oct 26 2018 13:06:55 GMT+0530 (India Standard Time): POST /todos
Fri Oct 26 2018 13:06:55 GMT+0530 (India Standard Time): POST /todos
Fri Oct 26 2018 13:06:55 GMT+0530 (India Standard Time): GET /todos
Fri Oct 26 2018 13:07:06 GMT+0530 (India Standard Time): POST /todos
Fri Oct 26 2018 13:07:06 GMT+0530 (India Standard Time): POST /todos
Fri Oct 26 2018 13:07:06 GMT+0530 (India Standard Time): GET /todos
Fri Oct 26 2018 13:08:06 GMT+0530 (India Standard Time): POST /todos
Fri Oct 26 2018 13:08:06 GMT+0530 (India Standard Time): POST /todos
Fri Oct 26 2018 13:08:06 GMT+0530 (India Standard Time): GET /todos
Fri Oct 26 2018 13:09:08 GMT+0530 (India Standard Time): POST /todos
Fri Oct 26 2018 13:09:08 GMT+0530 (India Standard Time): POST /todos
Fri Oct 26 2018 13:09:09 GMT+0530 (India Standard Time): GET /todos
Fri Oct 26 2018 13:22:32 GMT+0530 (India Standard Time): POST /todos
Fri Oct 26 2018 13:23:27 GMT+0530 (India Standard Time): POST /todos
Fri Oct 26 2018 13:23:27 GMT+0530 (India Standard Time): POST /todos
Fri Oct 26 2018 13:23:27 GMT+0530 (India Standard Time): GET /todos
Fri Oct 26 2018 13:23:42 GMT+0530 (India Standard Time): POST /todos
Fri Oct 26 2018 13:23:42 GMT+0530 (India Standard Time): POST /todos
Fri Oct 26 2018 13:23:42 GMT+0530 (India Standard Time): GET /todos
Fri Oct 26 2018 13:23:48 GMT+0530 (India Standard Time): POST /todos
Fri Oct 26 2018 13:23:48 GMT+0530 (India Standard Time): POST /todos
Fri Oct 26 2018 13:23:48 GMT+0530 (India Standard Time): GET /todos
Fri Oct 26 2018 13:24:14 GMT+0530 (India Standard Time): POST /todos
Fri Oct 26 2018 13:24:14 GMT+0530 (India Standard Time): POST /todos
Fri Oct 26 2018 13:24:14 GMT+0530 (India Standard Time): GET /todos
Fri Oct 26 2018 13:24:45 GMT+0530 (India Standard Time): POST /todos
Fri Oct 26 2018 13:24:45 GMT+0530 (India Standard Time): POST /todos
Fri Oct 26 2018 13:24:45 GMT+0530 (India Standard Time): GET /todos
Fri Oct 26 2018 13:25:18 GMT+0530 (India Standard Time): POST /todos
Fri Oct 26 2018 13:25:18 GMT+0530 (India Standard Time): POST /todos
Fri Oct 26 2018 13:25:18 GMT+0530 (India Standard Time): GET /todos
Fri Oct 26 2018 13:25:30 GMT+0530 (India Standard Time): POST /todos
Fri Oct 26 2018 13:25:30 GMT+0530 (India Standard Time): POST /todos
Fri Oct 26 2018 13:25:30 GMT+0530 (India Standard Time): GET /todos
Fri Oct 26 2018 13:25:58 GMT+0530 (India Standard Time): POST /todos
Fri Oct 26 2018 13:25:58 GMT+0530 (India Standard Time): POST /todos
Fri Oct 26 2018 13:25:58 GMT+0530 (India Standard Time): GET /todos
Fri Oct 26 2018 13:26:07 GMT+0530 (India Standard Time): POST /todos
Fri Oct 26 2018 13:26:07 GMT+0530 (India Standard Time): POST /todos
Fri Oct 26 2018 13:26:07 GMT+0530 (India Standard Time): GET /todos
Fri Oct 26 2018 13:27:12 GMT+0530 (India Standard Time): POST /todos
Fri Oct 26 2018 13:27:12 GMT+0530 (India Standard Time): POST /todos
Fri Oct 26 2018 13:27:12 GMT+0530 (India Standard Time): GET /todos
Fri Oct 26 2018 13:27:17 GMT+0530 (India Standard Time): POST /todos
Fri Oct 26 2018 13:27:17 GMT+0530 (India Standard Time): POST /todos
Fri Oct 26 2018 13:27:17 GMT+0530 (India Standard Time): GET /todos
Fri Oct 26 2018 13:27:36 GMT+0530 (India Standard Time): POST /todos
Fri Oct 26 2018 13:27:36 GMT+0530 (India Standard Time): POST /todos
Fri Oct 26 2018 13:27:36 GMT+0530 (India Standard Time): GET /todos
Fri Oct 26 2018 13:27:41 GMT+0530 (India Standard Time): POST /todos
Fri Oct 26 2018 13:27:41 GMT+0530 (India Standard Time): POST /todos
Fri Oct 26 2018 13:27:41 GMT+0530 (India Standard Time): GET /todos
Fri Oct 26 2018 13:30:33 GMT+0530 (India Standard Time): POST /todos
Fri Oct 26 2018 13:30:33 GMT+0530 (India Standard Time): POST /todos
Fri Oct 26 2018 13:30:33 GMT+0530 (India Standard Time): GET /todos
Fri Oct 26 2018 13:30:36 GMT+0530 (India Standard Time): POST /todos
Fri Oct 26 2018 13:30:36 GMT+0530 (India Standard Time): POST /todos
Fri Oct 26 2018 13:30:36 GMT+0530 (India Standard Time): GET /todos
Fri Oct 26 2018 13:31:16 GMT+0530 (India Standard Time): POST /todos
Fri Oct 26 2018 13:31:20 GMT+0530 (India Standard Time): POST /todos
Fri Oct 26 2018 13:31:20 GMT+0530 (India Standard Time): POST /todos
Fri Oct 26 2018 13:31:20 GMT+0530 (India Standard Time): GET /todos
Fri Oct 26 2018 13:31:25 GMT+0530 (India Standard Time): POST /todos
Fri Oct 26 2018 13:31:25 GMT+0530 (India Standard Time): POST /todos
Fri Oct 26 2018 13:31:25 GMT+0530 (India Standard Time): GET /todos
Fri Oct 26 2018 13:31:35 GMT+0530 (India Standard Time): POST /todos
Fri Oct 26 2018 13:31:36 GMT+0530 (India Standard Time): POST /todos
Fri Oct 26 2018 13:31:36 GMT+0530 (India Standard Time): GET /todos
Fri Oct 26 2018 13:31:49 GMT+0530 (India Standard Time): POST /todos
Fri Oct 26 2018 13:31:49 GMT+0530 (India Standard Time): POST /todos
Fri Oct 26 2018 13:31:49 GMT+0530 (India Standard Time): GET /todos
Fri Oct 26 2018 13:31:56 GMT+0530 (India Standard Time): POST /todos
Fri Oct 26 2018 13:31:56 GMT+0530 (India Standard Time): POST /todos
Fri Oct 26 2018 13:31:56 GMT+0530 (India Standard Time): GET /todos
Fri Oct 26 2018 13:32:04 GMT+0530 (India Standard Time): POST /todos
Fri Oct 26 2018 13:32:04 GMT+0530 (India Standard Time): POST /todos
Fri Oct 26 2018 13:32:04 GMT+0530 (India Standard Time): GET /todos
Fri Oct 26 2018 13:33:15 GMT+0530 (India Standard Time): POST /todos
Fri Oct 26 2018 13:33:15 GMT+0530 (India Standard Time): POST /todos
Fri Oct 26 2018 13:33:15 GMT+0530 (India Standard Time): GET /todos
Fri Oct 26 2018 13:33:26 GMT+0530 (India Standard Time): POST /todos
Fri Oct 26 2018 13:33:26 GMT+0530 (India Standard Time): POST /todos
Fri Oct 26 2018 13:33:26 GMT+0530 (India Standard Time): GET /todos
Fri Oct 26 2018 13:34:28 GMT+0530 (India Standard Time): POST /todos
Fri Oct 26 2018 13:34:28 GMT+0530 (India Standard Time): POST /todos
Fri Oct 26 2018 13:34:28 GMT+0530 (India Standard Time): GET /todos
Fri Oct 26 2018 13:35:50 GMT+0530 (India Standard Time): POST /todos
Fri Oct 26 2018 13:35:50 GMT+0530 (India Standard Time): POST /todos
Fri Oct 26 2018 13:35:50 GMT+0530 (India Standard Time): GET /todos
Fri Oct 26 2018 13:36:27 GMT+0530 (India Standard Time): POST /todos
Fri Oct 26 2018 13:36:27 GMT+0530 (India Standard Time): POST /todos
Fri Oct 26 2018 13:36:27 GMT+0530 (India Standard Time): GET /todos
Fri Oct 26 2018 13:36:40 GMT+0530 (India Standard Time): POST /todos
Fri Oct 26 2018 13:36:40 GMT+0530 (India Standard Time): POST /todos
Fri Oct 26 2018 13:36:40 GMT+0530 (India Standard Time): GET /todos
Fri Oct 26 2018 13:37:04 GMT+0530 (India Standard Time): POST /todos
Fri Oct 26 2018 13:37:04 GMT+0530 (India Standard Time): POST /todos
Fri Oct 26 2018 13:37:04 GMT+0530 (India Standard Time): GET /todos
Fri Oct 26 2018 13:37:32 GMT+0530 (India Standard Time): POST /todos
Fri Oct 26 2018 13:37:32 GMT+0530 (India Standard Time): POST /todos
Fri Oct 26 2018 13:37:32 GMT+0530 (India Standard Time): GET /todos
Fri Oct 26 2018 13:42:56 GMT+0530 (India Standard Time): POST /todos
Fri Oct 26 2018 13:42:56 GMT+0530 (India Standard Time): POST /todos
Fri Oct 26 2018 13:43:00 GMT+0530 (India Standard Time): POST /todos
Fri Oct 26 2018 13:43:04 GMT+0530 (India Standard Time): POST /todos
Fri Oct 26 2018 13:43:04 GMT+0530 (India Standard Time): POST /todos
Fri Oct 26 2018 13:43:04 GMT+0530 (India Standard Time): GET /todos
Fri Oct 26 2018 13:43:17 GMT+0530 (India Standard Time): POST /todos
Fri Oct 26 2018 13:43:17 GMT+0530 (India Standard Time): POST /todos
Fri Oct 26 2018 13:43:17 GMT+0530 (India Standard Time): GET /todos
Fri Oct 26 2018 13:43:23 GMT+0530 (India Standard Time): POST /todos
Fri Oct 26 2018 13:43:23 GMT+0530 (India Standard Time): POST /todos
Fri Oct 26 2018 13:43:23 GMT+0530 (India Standard Time): GET /todos
Fri Oct 26 2018 13:56:11 GMT+0530 (India Standard Time): POST /todos
Fri Oct 26 2018 13:56:11 GMT+0530 (India Standard Time): POST /todos
Fri Oct 26 2018 13:56:11 GMT+0530 (India Standard Time): GET /todos
Fri Oct 26 2018 13:56:23 GMT+0530 (India Standard Time): POST /todos
Fri Oct 26 2018 13:56:23 GMT+0530 (India Standard Time): POST /todos
Fri Oct 26 2018 13:56:23 GMT+0530 (India Standard Time): GET /todos
Fri Oct 26 2018 14:04:23 GMT+0530 (India Standard Time): POST /todos
Fri Oct 26 2018 14:04:24 GMT+0530 (India Standard Time): POST /todos
Fri Oct 26 2018 14:04:24 GMT+0530 (India Standard Time): GET /todos
Fri Oct 26 2018 14:04:29 GMT+0530 (India Standard Time): POST /todos
Fri Oct 26 2018 14:04:29 GMT+0530 (India Standard Time): POST /todos
Fri Oct 26 2018 14:04:29 GMT+0530 (India Standard Time): GET /todos
Fri Oct 26 2018 14:04:44 GMT+0530 (India Standard Time): POST /todos
Fri Oct 26 2018 14:04:44 GMT+0530 (India Standard Time): POST /todos
Fri Oct 26 2018 14:04:44 GMT+0530 (India Standard Time): GET /todos
Fri Oct 26 2018 14:05:08 GMT+0530 (India Standard Time): POST /todos
Fri Oct 26 2018 14:05:08 GMT+0530 (India Standard Time): POST /todos
Fri Oct 26 2018 14:05:08 GMT+0530 (India Standard Time): GET /todos
Fri Oct 26 2018 14:05:12 GMT+0530 (India Standard Time): POST /todos
Fri Oct 26 2018 14:05:13 GMT+0530 (India Standard Time): POST /todos
Fri Oct 26 2018 14:05:13 GMT+0530 (India Standard Time): GET /todos
Fri Oct 26 2018 14:05:18 GMT+0530 (India Standard Time): POST /todos
Fri Oct 26 2018 14:05:18 GMT+0530 (India Standard Time): POST /todos
Fri Oct 26 2018 14:05:18 GMT+0530 (India Standard Time): GET /todos
Fri Oct 26 2018 14:05:19 GMT+0530 (India Standard Time): POST /todos
Fri Oct 26 2018 14:05:19 GMT+0530 (India Standard Time): POST /todos
Fri Oct 26 2018 14:05:19 GMT+0530 (India Standard Time): GET /todos
Fri Oct 26 2018 14:22:27 GMT+0530 (India Standard Time): POST /todos
Fri Oct 26 2018 14:22:27 GMT+0530 (India Standard Time): POST /todos
Fri Oct 26 2018 14:22:27 GMT+0530 (India Standard Time): GET /todos
Fri Oct 26 2018 14:22:40 GMT+0530 (India Standard Time): POST /todos
Fri Oct 26 2018 14:22:40 GMT+0530 (India Standard Time): POST /todos
Fri Oct 26 2018 14:22:40 GMT+0530 (India Standard Time): GET /todos
Fri Oct 26 2018 14:23:22 GMT+0530 (India Standard Time): POST /todos
Fri Oct 26 2018 14:23:23 GMT+0530 (India Standard Time): POST /todos
Fri Oct 26 2018 14:23:23 GMT+0530 (India Standard Time): GET /todos
Fri Oct 26 2018 14:23:24 GMT+0530 (India Standard Time): POST /todos
Fri Oct 26 2018 14:23:24 GMT+0530 (India Standard Time): POST /todos
Fri Oct 26 2018 14:23:24 GMT+0530 (India Standard Time): GET /todos
Fri Oct 26 2018 14:23:41 GMT+0530 (India Standard Time): POST /todos
Fri Oct 26 2018 14:23:41 GMT+0530 (India Standard Time): POST /todos
Fri Oct 26 2018 14:23:41 GMT+0530 (India Standard Time): GET /todos
Fri Oct 26 2018 14:23:48 GMT+0530 (India Standard Time): POST /todos
Fri Oct 26 2018 14:23:48 GMT+0530 (India Standard Time): POST /todos
Fri Oct 26 2018 14:23:48 GMT+0530 (India Standard Time): GET /todos
Fri Oct 26 2018 14:24:03 GMT+0530 (India Standard Time): POST /todos
Fri Oct 26 2018 14:24:03 GMT+0530 (India Standard Time): POST /todos
Fri Oct 26 2018 14:24:03 GMT+0530 (India Standard Time): GET /todos
Fri Oct 26 2018 14:24:11 GMT+0530 (India Standard Time): POST /todos
Fri Oct 26 2018 14:24:11 GMT+0530 (India Standard Time): POST /todos
Fri Oct 26 2018 14:24:11 GMT+0530 (India Standard Time): GET /todos
Fri Oct 26 2018 14:24:29 GMT+0530 (India Standard Time): POST /todos
Fri Oct 26 2018 14:24:29 GMT+0530 (India Standard Time): POST /todos
Fri Oct 26 2018 14:24:29 GMT+0530 (India Standard Time): GET /todos
Fri Oct 26 2018 14:25:02 GMT+0530 (India Standard Time): POST /todos
Fri Oct 26 2018 14:25:02 GMT+0530 (India Standard Time): POST /todos
Fri Oct 26 2018 14:25:02 GMT+0530 (India Standard Time): GET /todos
Fri Oct 26 2018 14:25:10 GMT+0530 (India Standard Time): POST /todos
Fri Oct 26 2018 14:25:10 GMT+0530 (India Standard Time): POST /todos
Fri Oct 26 2018 14:25:10 GMT+0530 (India Standard Time): GET /todos
Fri Oct 26 2018 14:25:19 GMT+0530 (India Standard Time): POST /todos
Fri Oct 26 2018 14:25:19 GMT+0530 (India Standard Time): POST /todos
Fri Oct 26 2018 14:25:19 GMT+0530 (India Standard Time): GET /todos
Fri Oct 26 2018 14:25:42 GMT+0530 (India Standard Time): POST /todos
Fri Oct 26 2018 14:25:42 GMT+0530 (India Standard Time): POST /todos
Fri Oct 26 2018 14:25:42 GMT+0530 (India Standard Time): GET /todos
Fri Oct 26 2018 14:25:44 GMT+0530 (India Standard Time): POST /todos
Fri Oct 26 2018 14:25:44 GMT+0530 (India Standard Time): POST /todos
Fri Oct 26 2018 14:25:44 GMT+0530 (India Standard Time): GET /todos
Fri Oct 26 2018 14:25:51 GMT+0530 (India Standard Time): POST /todos
Fri Oct 26 2018 14:25:51 GMT+0530 (India Standard Time): POST /todos
Fri Oct 26 2018 14:25:51 GMT+0530 (India Standard Time): GET /todos
Fri Oct 26 2018 14:25:55 GMT+0530 (India Standard Time): POST /todos
Fri Oct 26 2018 14:25:55 GMT+0530 (India Standard Time): POST /todos
Fri Oct 26 2018 14:25:55 GMT+0530 (India Standard Time): GET /todos
Fri Oct 26 2018 14:26:17 GMT+0530 (India Standard Time): POST /todos
Fri Oct 26 2018 14:26:17 GMT+0530 (India Standard Time): POST /todos
Fri Oct 26 2018 14:26:17 GMT+0530 (India Standard Time): GET /todos
Fri Oct 26 2018 14:26:37 GMT+0530 (India Standard Time): POST /todos
Fri Oct 26 2018 14:26:37 GMT+0530 (India Standard Time): POST /todos
Fri Oct 26 2018 14:26:37 GMT+0530 (India Standard Time): GET /todos
Fri Oct 26 2018 14:26:58 GMT+0530 (India Standard Time): POST /todos
Fri Oct 26 2018 14:26:58 GMT+0530 (India Standard Time): POST /todos
Fri Oct 26 2018 14:26:58 GMT+0530 (India Standard Time): GET /todos
Fri Oct 26 2018 14:27:30 GMT+0530 (India Standard Time): POST /todos
Fri Oct 26 2018 14:27:30 GMT+0530 (India Standard Time): POST /todos
Fri Oct 26 2018 14:27:30 GMT+0530 (India Standard Time): GET /todos
Fri Oct 26 2018 14:57:12 GMT+0530 (India Standard Time): GET /todos/5bd2d6fa91bf610af052e6d7
Fri Oct 26 2018 14:58:22 GMT+0530 (India Standard Time): GET /todos/5bd2d6fa91bf610af052e6d7
Fri Oct 26 2018 14:58:32 GMT+0530 (India Standard Time): GET /todos/
Fri Oct 26 2018 14:58:51 GMT+0530 (India Standard Time): GET /todos/5bd2d6fa91bf610af052e6d7
Fri Oct 26 2018 14:59:24 GMT+0530 (India Standard Time): POST /todos
Fri Oct 26 2018 14:59:24 GMT+0530 (India Standard Time): POST /todos
Fri Oct 26 2018 14:59:24 GMT+0530 (India Standard Time): GET /todos
Fri Oct 26 2018 14:59:31 GMT+0530 (India Standard Time): POST /todos
Fri Oct 26 2018 14:59:31 GMT+0530 (India Standard Time): POST /todos
Fri Oct 26 2018 14:59:31 GMT+0530 (India Standard Time): GET /todos
Fri Oct 26 2018 14:59:36 GMT+0530 (India Standard Time): POST /todos
Fri Oct 26 2018 14:59:36 GMT+0530 (India Standard Time): POST /todos
Fri Oct 26 2018 14:59:36 GMT+0530 (India Standard Time): GET /todos
Fri Oct 26 2018 14:59:47 GMT+0530 (India Standard Time): GET /todos/5bd2d6fa91bf610af052e6d7
Fri Oct 26 2018 14:59:49 GMT+0530 (India Standard Time): GET /todos/5bd2d6fa91bf610af052e6d7
Fri Oct 26 2018 15:00:42 GMT+0530 (India Standard Time): GET /todos/5bd2d6fa91bf610af052e6d7
Fri Oct 26 2018 15:04:05 GMT+0530 (India Standard Time): POST /todos
Fri Oct 26 2018 15:04:05 GMT+0530 (India Standard Time): POST /todos
Fri Oct 26 2018 15:04:05 GMT+0530 (India Standard Time): GET /todos
Fri Oct 26 2018 15:04:24 GMT+0530 (India Standard Time): GET /todos/5bd2d6fa91bf610af052e6d7
Fri Oct 26 2018 15:05:53 GMT+0530 (India Standard Time): GET /todos/5bd2d6fa91bf610af052e6d7
Fri Oct 26 2018 15:11:58 GMT+0530 (India Standard Time): GET /todos/5bd2d6fa91bf610af052e6d7
Fri Oct 26 2018 15:36:29 GMT+0530 (India Standard Time): GET /todos/5bd2d6fa91bf610af052e6d7
Fri Oct 26 2018 15:38:32 GMT+0530 (India Standard Time): GET /todos/5bd2d6fa91bf610af052e6d7
Fri Oct 26 2018 15:45:55 GMT+0530 (India Standard Time): GET /todos/5bd2d6fa91bf610af052e6d7
Fri Oct 26 2018 15:52:12 GMT+0530 (India Standard Time): GET /todos/5bd2d6fa91bf610af052e6d7
Fri Oct 26 2018 16:08:14 GMT+0530 (India Standard Time): GET /todos/5bd2d6fa91bf610af052e6d7
Fri Oct 26 2018 16:18:53 GMT+0530 (India Standard Time): POST /todos
Fri Oct 26 2018 16:18:53 GMT+0530 (India Standard Time): POST /todos
Fri Oct 26 2018 16:18:53 GMT+0530 (India Standard Time): GET /todos
Fri Oct 26 2018 16:18:57 GMT+0530 (India Standard Time): POST /todos
Fri Oct 26 2018 16:18:57 GMT+0530 (India Standard Time): POST /todos
Fri Oct 26 2018 16:18:57 GMT+0530 (India Standard Time): GET /todos
Fri Oct 26 2018 16:19:12 GMT+0530 (India Standard Time): GET /todos/5bd2d6fa91bf610af052e6d7
Fri Oct 26 2018 16:19:41 GMT+0530 (India Standard Time): POST /todos
Fri Oct 26 2018 16:19:41 GMT+0530 (India Standard Time): POST /todos
Fri Oct 26 2018 16:19:41 GMT+0530 (India Standard Time): GET /todos
Fri Oct 26 2018 16:19:49 GMT+0530 (India Standard Time): POST /todos
Fri Oct 26 2018 16:19:49 GMT+0530 (India Standard Time): POST /todos
Fri Oct 26 2018 16:19:49 GMT+0530 (India Standard Time): GET /todos
Fri Oct 26 2018 16:19:57 GMT+0530 (India Standard Time): GET /todos/5bd2d6fa91bf610af052e6d7
Fri Oct 26 2018 16:20:38 GMT+0530 (India Standard Time): POST /todos
Fri Oct 26 2018 16:20:38 GMT+0530 (India Standard Time): POST /todos
Fri Oct 26 2018 16:20:38 GMT+0530 (India Standard Time): GET /todos
Fri Oct 26 2018 16:21:10 GMT+0530 (India Standard Time): POST /todos
Fri Oct 26 2018 16:21:10 GMT+0530 (India Standard Time): POST /todos
Fri Oct 26 2018 16:21:10 GMT+0530 (India Standard Time): GET /todos
Fri Oct 26 2018 16:21:25 GMT+0530 (India Standard Time): POST /todos
Fri Oct 26 2018 16:21:25 GMT+0530 (India Standard Time): POST /todos
Fri Oct 26 2018 16:21:25 GMT+0530 (India Standard Time): GET /todos
Fri Oct 26 2018 16:21:30 GMT+0530 (India Standard Time): POST /todos
Fri Oct 26 2018 16:21:30 GMT+0530 (India Standard Time): POST /todos
Fri Oct 26 2018 16:21:30 GMT+0530 (India Standard Time): GET /todos
Fri Oct 26 2018 16:22:51 GMT+0530 (India Standard Time): GET /todos/5bd2d6fa91bf610af052e6d7
Fri Oct 26 2018 16:23:00 GMT+0530 (India Standard Time): GET /todos/5bd2d6fa91bf610af052e6d7
Fri Oct 26 2018 16:23:45 GMT+0530 (India Standard Time): POST /todos
Fri Oct 26 2018 16:23:45 GMT+0530 (India Standard Time): POST /todos
Fri Oct 26 2018 16:23:45 GMT+0530 (India Standard Time): GET /todos
Fri Oct 26 2018 16:28:44 GMT+0530 (India Standard Time): GET /todos/5bd2d6fa91bf610af052e6d7
Fri Oct 26 2018 16:53:48 GMT+0530 (India Standard Time): GET /todos/5bd2f2392d89f83d4c07b410
Fri Oct 26 2018 17:03:48 GMT+0530 (India Standard Time): GET /todos/5bd2f2392d89f83d4c07b410
Fri Oct 26 2018 17:03:54 GMT+0530 (India Standard Time): GET /users/5bd27847c53fc9193830ca76
Fri Oct 26 2018 17:06:58 GMT+0530 (India Standard Time): GET /users/5bd27847c53fc9193830ca76
Fri Oct 26 2018 17:07:00 GMT+0530 (India Standard Time): GET /users/5bd27847c53fc9193830ca76
Fri Oct 26 2018 17:07:11 GMT+0530 (India Standard Time): GET /todos/5bd2f2392d89f83d4c07b410
Fri Oct 26 2018 17:19:55 GMT+0530 (India Standard Time): GET /users/5bd27847c53fc9193830ca76
Fri Oct 26 2018 17:22:07 GMT+0530 (India Standard Time): GET /users/5bd27847c53fc9193830ca76
Fri Oct 26 2018 17:22:56 GMT+0530 (India Standard Time): GET /users/5bd27847c53fc9193830ca76
Fri Oct 26 2018 17:24:09 GMT+0530 (India Standard Time): GET /users/5bd27847c53fc9193830ca77
Fri Oct 26 2018 17:24:20 GMT+0530 (India Standard Time): GET /todos/5bd2f2392d89f83d4c07b410
Fri Oct 26 2018 17:26:28 GMT+0530 (India Standard Time): GET /users/
Fri Oct 26 2018 17:27:07 GMT+0530 (India Standard Time): GET /todos
Fri Oct 26 2018 17:27:23 GMT+0530 (India Standard Time): GET /users/5bd27847c53fc9193830ca76
Fri Oct 26 2018 17:29:50 GMT+0530 (India Standard Time): GET /todos/5bd2f2392d89f83d4c07b411
